c:\users\lori\desktop\psm\minios\kernel\kernel\x64\release\vc143.pdb
c:\users\lori\desktop\psm\minios\kernel\kernel\x64\release\string.obj
c:\users\lori\desktop\psm\minios\kernel\kernel\x64\release\screen.obj
c:\users\lori\desktop\psm\minios\kernel\kernel\x64\release\pit.obj
c:\users\lori\desktop\psm\minios\kernel\kernel\x64\release\pic.obj
c:\users\lori\desktop\psm\minios\kernel\kernel\x64\release\main.obj
c:\users\lori\desktop\psm\minios\kernel\kernel\x64\release\logging.obj
c:\users\lori\desktop\psm\minios\kernel\kernel\x64\release\keyboard.obj
c:\users\lori\desktop\psm\minios\kernel\kernel\x64\release\irq_dispatch.obj
c:\users\lori\desktop\psm\minios\kernel\kernel\x64\release\isr_dispatch.obj
c:\users\lori\desktop\psm\minios\kernel\kernel\x64\release\__init.obj
c:\users\lori\desktop\psm\minios\kernel\x64\release\kernel.exe
c:\users\lori\desktop\psm\minios\kernel\kernel\x64\release\kernel.tlog\cl.command.1.tlog
c:\users\lori\desktop\psm\minios\kernel\kernel\x64\release\kernel.tlog\cl.items.tlog
c:\users\lori\desktop\psm\minios\kernel\kernel\x64\release\kernel.tlog\cl.read.1.tlog
c:\users\lori\desktop\psm\minios\kernel\kernel\x64\release\kernel.tlog\cl.write.1.tlog
c:\users\lori\desktop\psm\minios\kernel\kernel\x64\release\kernel.tlog\custombuild.command.1.tlog
c:\users\lori\desktop\psm\minios\kernel\kernel\x64\release\kernel.tlog\custombuild.read.1.tlog
c:\users\lori\desktop\psm\minios\kernel\kernel\x64\release\kernel.tlog\custombuild.write.1.tlog
c:\users\lori\desktop\psm\minios\kernel\kernel\x64\release\kernel.tlog\link.command.1.tlog
c:\users\lori\desktop\psm\minios\kernel\kernel\x64\release\kernel.tlog\link.read.1.tlog
c:\users\lori\desktop\psm\minios\kernel\kernel\x64\release\kernel.tlog\link.secondary.1.tlog
c:\users\lori\desktop\psm\minios\kernel\kernel\x64\release\kernel.tlog\link.write.1.tlog
